<?xml version="1.0" encoding="utf-8"?><testsuites name="pytest tests"><testsuite name="pytest" errors="0" failures="0" skipped="0" tests="16" time="2.679" timestamp="2026-06-12T11:20:36.479101+00:00" hostname="agent-env-816e96f9-a558-4469-be4d-9eb025b47712"><testcase classname="backend.tests.test_seo_api" name="test_root" time="0.247" /><testcase classname="backend.tests.test_seo_api" name="test_dashboard" time="0.048" /><testcase classname="backend.tests.test_seo_api" name="test_audit_success" time="0.563" /><testcase classname="backend.tests.test_seo_api" name="test_audit_bad_url" time="0.491" /><testcase classname="backend.tests.test_seo_api" name="test_audit_list" time="0.045" /><testcase classname="backend.tests.test_seo_api" name="test_audit_get_by_id" time="0.044" /><testcase classname="backend.tests.test_seo_api" name="test_schema" time="0.046" /><testcase classname="backend.tests.test_seo_api" name="test_locations" time="0.049" /><testcase classname="backend.tests.test_seo_api" name="test_location_page" time="0.050" /><testcase classname="backend.tests.test_seo_api" name="test_meta" time="0.047" /><testcase classname="backend.tests.test_seo_api" name="test_keyword_density" time="0.048" /><testcase classname="backend.tests.test_seo_api" name="test_tasks_list" time="0.048" /><testcase classname="backend.tests.test_seo_api" name="test_task_toggle_roundtrip" time="0.195" /><testcase classname="backend.tests.test_seo_api" name="test_task_toggle_unknown" time="0.051" /><testcase classname="backend.tests.test_seo_api" name="test_compare" time="0.586" /><testcase classname="backend.tests.test_seo_api" name="test_coverage_plan" time="0.045" /></testsuite></testsuites>